<?xml version="1.0" encoding="UTF-8"?>
<!-- Generated by org.testng.reporters.JUnitReportReporter -->
<testsuite hostname="DESKTOP-KDTLMRK" failures="0" tests="4" name="login_script.Positive_Login_Test" time="101.655" errors="0" timestamp="2023-12-26T23:21:50 BDT" skipped="0">
  <testcase classname="login_script.Positive_Login_Test" name="VerifyWithInValidEmail" time="33.125"/>
  <testcase classname="login_script.Positive_Login_Test" name="VerifyWithInvalidPassword" time="17.108"/>
  <testcase classname="login_script.Positive_Login_Test" name="VerifyWithValidCred" time="27.522"/>
  <testcase classname="login_script.Positive_Login_Test" name="VerifyWithDriverBackButton" time="23.900"/>
</testsuite> <!-- login_script.Positive_Login_Test -->
