<?xml version="1.0" encoding="UTF-8"?>
<!-- Generated by org.testng.reporters.JUnitReportReporter -->
<testsuite hostname="DESKTOP-KDTLMRK" failures="0" tests="4" name="Task_Nitex.Login_script.Positive_Login_Test" time="108.665" errors="0" timestamp="2023-12-26T22:55:05 BDT" skipped="0">
  <testcase classname="Task_Nitex.Login_script.Positive_Login_Test" name="VerifyWithInValidEmail" time="27.162"/>
  <testcase classname="Task_Nitex.Login_script.Positive_Login_Test" name="VerifyWithInvalidPassword" time="27.521"/>
  <testcase classname="Task_Nitex.Login_script.Positive_Login_Test" name="VerifyWithValidCred" time="28.944"/>
  <testcase classname="Task_Nitex.Login_script.Positive_Login_Test" name="VerifyWithDriverBackButton" time="25.038"/>
</testsuite> <!-- Task_Nitex.Login_script.Positive_Login_Test -->
